==> (a=0, b=0, c=0, d=0)
==> (a=0, b=0, c=1, d=0)
# nvm_cmd_erase: Input/output error
# erase: Invalid argument
# nvm_cmd_erase: {pmode: SNGL}
naddrs: 1
addrs:
  - {val: 0x0000000100000000, pugrp: 00, punit: 00, chunk: 0001, sectr: 0000}
nvm_ret: {result: {cdw0: 0x0, vio: {cs: 0x0}}, status: 0x2c1}
==> (a=0, b=0, c=2, d=0)
# nvm_cmd_erase: Input/output error
# erase: Invalid argument
# nvm_cmd_erase: {pmode: SNGL}
naddrs: 1
addrs:
  - {val: 0x0000000200000000, pugrp: 00, punit: 00, chunk: 0002, sectr: 0000}
nvm_ret: {result: {cdw0: 0x0, vio: {cs: 0x0}}, status: 0x2c1}
==> (a=0, b=0, c=3, d=0)
# nvm_cmd_erase: Input/output error
# erase: Invalid argument
# nvm_cmd_erase: {pmode: SNGL}
naddrs: 1
addrs:
  - {val: 0x0000000300000000, pugrp: 00, punit: 00, chunk: 0003, sectr: 0000}
nvm_ret: {result: {cdw0: 0x0, vio: {cs: 0x0}}, status: 0x2c1}
==> (a=0, b=0, c=4, d=0)
# nvm_cmd_erase: Input/output error
# erase: Invalid argument
# nvm_cmd_erase: {pmode: SNGL}
naddrs: 1
addrs:
  - {val: 0x0000000400000000, pugrp: 00, punit: 00, chunk: 0004, sectr: 0000}
nvm_ret: {result: {cdw0: 0x0, vio: {cs: 0x0}}, status: 0x2c1}
==> (a=0, b=0, c=5, d=0)
# nvm_cmd_erase: Input/output error
# erase: Invalid argument
# nvm_cmd_erase: {pmode: SNGL}
naddrs: 1
addrs:
  - {val: 0x0000000500000000, pugrp: 00, punit: 00, chunk: 0005, sectr: 0000}
nvm_ret: {result: {cdw0: 0x0, vio: {cs: 0x0}}, status: 0x2c1}
==> (a=0, b=0, c=6, d=0)
# nvm_cmd_erase: Input/output error
# erase: Invalid argument
# nvm_cmd_erase: {pmode: SNGL}
naddrs: 1
addrs:
  - {val: 0x0000000600000000, pugrp: 00, punit: 00, chunk: 0006, sectr: 0000}
nvm_ret: {result: {cdw0: 0x0, vio: {cs: 0x0}}, status: 0x2c1}
==> (a=0, b=0, c=7, d=0)
# nvm_cmd_erase: Input/output error
# erase: Invalid argument
# nvm_cmd_erase: {pmode: SNGL}
naddrs: 1
addrs:
  - {val: 0x0000000700000000, pugrp: 00, punit: 00, chunk: 0007, sectr: 0000}
nvm_ret: {result: {cdw0: 0x0, vio: {cs: 0x0}}, status: 0x2c1}
==> (a=0, b=0, c=8, d=0)
# nvm_cmd_erase: Input/output error
# erase: Invalid argument
# nvm_cmd_erase: {pmode: SNGL}
naddrs: 1
addrs:
  - {val: 0x0000000800000000, pugrp: 00, punit: 00, chunk: 0008, sectr: 0000}
nvm_ret: {result: {cdw0: 0x0, vio: {cs: 0x0}}, status: 0x2c1}
==> (a=0, b=0, c=9, d=0)
# nvm_cmd_erase: Input/output error
# erase: Invalid argument
# nvm_cmd_erase: {pmode: SNGL}
naddrs: 1
addrs:
  - {val: 0x0000000900000000, pugrp: 00, punit: 00, chunk: 0009, sectr: 0000}
nvm_ret: {result: {cdw0: 0x0, vio: {cs: 0x0}}, status: 0x2c1}
==> (a=0, b=0, c=10, d=0)
# nvm_cmd_erase: Input/output error
# erase: Invalid argument
# nvm_cmd_erase: {pmode: SNGL}
naddrs: 1
addrs:
  - {val: 0x0000000a00000000, pugrp: 00, punit: 00, chunk: 0010, sectr: 0000}
nvm_ret: {result: {cdw0: 0x0, vio: {cs: 0x0}}, status: 0x2c1}
==> (a=0, b=0, c=11, d=0)
# nvm_cmd_erase: Input/output error
# erase: Invalid argument
# nvm_cmd_erase: {pmode: SNGL}
naddrs: 1
addrs:
  - {val: 0x0000000b00000000, pugrp: 00, punit: 00, chunk: 0011, sectr: 0000}
nvm_ret: {result: {cdw0: 0x0, vio: {cs: 0x0}}, status: 0x2c1}
==> (a=0, b=0, c=12, d=0)
# nvm_cmd_erase: Input/output error
# erase: Invalid argument
# nvm_cmd_erase: {pmode: SNGL}
naddrs: 1
addrs:
  - {val: 0x0000000c00000000, pugrp: 00, punit: 00, chunk: 0012, sectr: 0000}
nvm_ret: {result: {cdw0: 0x0, vio: {cs: 0x0}}, status: 0x2c1}
==> (a=0, b=0, c=13, d=0)
# nvm_cmd_erase: Input/output error
# erase: Invalid argument
# nvm_cmd_erase: {pmode: SNGL}
naddrs: 1
addrs:
  - {val: 0x0000000d00000000, pugrp: 00, punit: 00, chunk: 0013, sectr: 0000}
nvm_ret: {result: {cdw0: 0x0, vio: {cs: 0x0}}, status: 0x2c1}
==> (a=0, b=0, c=14, d=0)
# nvm_cmd_erase: Input/output error
# erase: Invalid argument
# nvm_cmd_erase: {pmode: SNGL}
naddrs: 1
addrs:
  - {val: 0x0000000e00000000, pugrp: 00, punit: 00, chunk: 0014, sectr: 0000}
nvm_ret: {result: {cdw0: 0x0, vio: {cs: 0x0}}, status: 0x2c1}
==> (a=0, b=0, c=15, d=0)
# nvm_cmd_erase: Input/output error
# erase: Invalid argument
# nvm_cmd_erase: {pmode: SNGL}
naddrs: 1
addrs:
  - {val: 0x0000000f00000000, pugrp: 00, punit: 00, chunk: 0015, sectr: 0000}
nvm_ret: {result: {cdw0: 0x0, vio: {cs: 0x0}}, status: 0x2c1}
==> (a=0, b=0, c=16, d=0)
# nvm_cmd_erase: Input/output error
# erase: Invalid argument
# nvm_cmd_erase: {pmode: SNGL}
naddrs: 1
addrs:
  - {val: 0x0000001000000000, pugrp: 00, punit: 00, chunk: 0016, sectr: 0000}
nvm_ret: {result: {cdw0: 0x0, vio: {cs: 0x0}}, status: 0x2c1}
==> (a=0, b=0, c=17, d=0)
# nvm_cmd_erase: Input/output error
# erase: Invalid argument
# nvm_cmd_erase: {pmode: SNGL}
naddrs: 1
addrs:
  - {val: 0x0000001100000000, pugrp: 00, punit: 00, chunk: 0017, sectr: 0000}
nvm_ret: {result: {cdw0: 0x0, vio: {cs: 0x0}}, status: 0x2c1}
==> (a=0, b=0, c=18, d=0)
# nvm_cmd_erase: Input/output error
# erase: Invalid argument
# nvm_cmd_erase: {pmode: SNGL}
naddrs: 1
addrs:
  - {val: 0x0000001200000000, pugrp: 00, punit: 00, chunk: 0018, sectr: 0000}
nvm_ret: {result: {cdw0: 0x0, vio: {cs: 0x0}}, status: 0x2c1}
==> (a=0, b=0, c=19, d=0)
# nvm_cmd_erase: Input/output error
# erase: Invalid argument
# nvm_cmd_erase: {pmode: SNGL}
naddrs: 1
addrs:
  - {val: 0x0000001300000000, pugrp: 00, punit: 00, chunk: 0019, sectr: 0000}
nvm_ret: {result: {cdw0: 0x0, vio: {cs: 0x0}}, status: 0x2c1}
==> (a=0, b=0, c=20, d=0)
# nvm_cmd_erase: Input/output error
# erase: Invalid argument
# nvm_cmd_erase: {pmode: SNGL}
naddrs: 1
addrs:
  - {val: 0x0000001400000000, pugrp: 00, punit: 00, chunk: 0020, sectr: 0000}
nvm_ret: {result: {cdw0: 0x0, vio: {cs: 0x0}}, status: 0x2c1}
==> (a=0, b=0, c=21, d=0)
# nvm_cmd_erase: Input/output error
# erase: Invalid argument
# nvm_cmd_erase: {pmode: SNGL}
naddrs: 1
addrs:
  - {val: 0x0000001500000000, pugrp: 00, punit: 00, chunk: 0021, sectr: 0000}
nvm_ret: {result: {cdw0: 0x0, vio: {cs: 0x0}}, status: 0x2c1}
==> (a=0, b=0, c=22, d=0)
# nvm_cmd_erase: Input/output error
# erase: Invalid argument
# nvm_cmd_erase: {pmode: SNGL}
naddrs: 1
addrs:
  - {val: 0x0000001600000000, pugrp: 00, punit: 00, chunk: 0022, sectr: 0000}
nvm_ret: {result: {cdw0: 0x0, vio: {cs: 0x0}}, status: 0x2c1}
==> (a=0, b=0, c=23, d=0)
# nvm_cmd_erase: Input/output error
# erase: Invalid argument
# nvm_cmd_erase: {pmode: SNGL}
naddrs: 1
addrs:
  - {val: 0x0000001700000000, pugrp: 00, punit: 00, chunk: 0023, sectr: 0000}
nvm_ret: {result: {cdw0: 0x0, vio: {cs: 0x0}}, status: 0x2c1}
==> (a=0, b=0, c=24, d=0)
# nvm_cmd_erase: Input/output error
# erase: Invalid argument
# nvm_cmd_erase: {pmode: SNGL}
naddrs: 1
addrs:
  - {val: 0x0000001800000000, pugrp: 00, punit: 00, chunk: 0024, sectr: 0000}
nvm_ret: {result: {cdw0: 0x0, vio: {cs: 0x0}}, status: 0x2c1}
==> (a=0, b=0, c=25, d=0)
# nvm_cmd_erase: Input/output error
# erase: Invalid argument
# nvm_cmd_erase: {pmode: SNGL}
naddrs: 1
addrs:
  - {val: 0x0000001900000000, pugrp: 00, punit: 00, chunk: 0025, sectr: 0000}
nvm_ret: {result: {cdw0: 0x0, vio: {cs: 0x0}}, status: 0x2c1}
==> (a=0, b=0, c=26, d=0)
# nvm_cmd_erase: Input/output error
# erase: Invalid argument
# nvm_cmd_erase: {pmode: SNGL}
naddrs: 1
addrs:
  - {val: 0x0000001a00000000, pugrp: 00, punit: 00, chunk: 0026, sectr: 0000}
nvm_ret: {result: {cdw0: 0x0, vio: {cs: 0x0}}, status: 0x2c1}
==> (a=0, b=0, c=27, d=0)
# nvm_cmd_erase: Input/output error
# erase: Invalid argument
# nvm_cmd_erase: {pmode: SNGL}
naddrs: 1
addrs:
  - {val: 0x0000001b00000000, pugrp: 00, punit: 00, chunk: 0027, sectr: 0000}
nvm_ret: {result: {cdw0: 0x0, vio: {cs: 0x0}}, status: 0x2c1}
==> (a=0, b=0, c=28, d=0)
# nvm_cmd_erase: Input/output error
# erase: Invalid argument
# nvm_cmd_erase: {pmode: SNGL}
naddrs: 1
addrs:
  - {val: 0x0000001c00000000, pugrp: 00, punit: 00, chunk: 0028, sectr: 0000}
nvm_ret: {result: {cdw0: 0x0, vio: {cs: 0x0}}, status: 0x2c1}
==> (a=0, b=0, c=29, d=0)
# nvm_cmd_erase: Input/output error
# erase: Invalid argument
# nvm_cmd_erase: {pmode: SNGL}
naddrs: 1
addrs:
  - {val: 0x0000001d00000000, pugrp: 00, punit: 00, chunk: 0029, sectr: 0000}
nvm_ret: {result: {cdw0: 0x0, vio: {cs: 0x0}}, status: 0x2c1}
==> (a=0, b=1, c=0, d=0)
# nvm_cmd_erase: Input/output error
# erase: Invalid argument
# nvm_cmd_erase: {pmode: SNGL}
naddrs: 1
addrs:
  - {val: 0x0001000000000000, pugrp: 00, punit: 01, chunk: 0000, sectr: 0000}
nvm_ret: {result: {cdw0: 0x0, vio: {cs: 0x0}}, status: 0x2c1}
==> (a=0, b=1, c=1, d=0)
# nvm_cmd_erase: Input/output error
# erase: Invalid argument
# nvm_cmd_erase: {pmode: SNGL}
naddrs: 1
addrs:
  - {val: 0x0001000100000000, pugrp: 00, punit: 01, chunk: 0001, sectr: 0000}
nvm_ret: {result: {cdw0: 0x0, vio: {cs: 0x0}}, status: 0x2c1}
==> (a=0, b=1, c=2, d=0)
# nvm_cmd_erase: Input/output error
# erase: Invalid argument
# nvm_cmd_erase: {pmode: SNGL}
naddrs: 1
addrs:
  - {val: 0x0001000200000000, pugrp: 00, punit: 01, chunk: 0002, sectr: 0000}
nvm_ret: {result: {cdw0: 0x0, vio: {cs: 0x0}}, status: 0x2c1}
==> (a=0, b=1, c=3, d=0)
# nvm_cmd_erase: Input/output error
# erase: Invalid argument
# nvm_cmd_erase: {pmode: SNGL}
naddrs: 1
addrs:
  - {val: 0x0001000300000000, pugrp: 00, punit: 01, chunk: 0003, sectr: 0000}
nvm_ret: {result: {cdw0: 0x0, vio: {cs: 0x0}}, status: 0x2c1}
==> (a=0, b=1, c=4, d=0)
# nvm_cmd_erase: Input/output error
# erase: Invalid argument
# nvm_cmd_erase: {pmode: SNGL}
naddrs: 1
addrs:
  - {val: 0x0001000400000000, pugrp: 00, punit: 01, chunk: 0004, sectr: 0000}
nvm_ret: {result: {cdw0: 0x0, vio: {cs: 0x0}}, status: 0x2c1}
==> (a=0, b=1, c=5, d=0)
# nvm_cmd_erase: Input/output error
# erase: Invalid argument
# nvm_cmd_erase: {pmode: SNGL}
naddrs: 1
addrs:
  - {val: 0x0001000500000000, pugrp: 00, punit: 01, chunk: 0005, sectr: 0000}
nvm_ret: {result: {cdw0: 0x0, vio: {cs: 0x0}}, status: 0x2c1}
==> (a=0, b=1, c=6, d=0)
# nvm_cmd_erase: Input/output error
# erase: Invalid argument
# nvm_cmd_erase: {pmode: SNGL}
naddrs: 1
addrs:
  - {val: 0x0001000600000000, pugrp: 00, punit: 01, chunk: 0006, sectr: 0000}
nvm_ret: {result: {cdw0: 0x0, vio: {cs: 0x0}}, status: 0x2c1}
==> (a=0, b=1, c=7, d=0)
# nvm_cmd_erase: Input/output error
# erase: Invalid argument
# nvm_cmd_erase: {pmode: SNGL}
naddrs: 1
addrs:
  - {val: 0x0001000700000000, pugrp: 00, punit: 01, chunk: 0007, sectr: 0000}
nvm_ret: {result: {cdw0: 0x0, vio: {cs: 0x0}}, status: 0x2c1}
==> (a=0, b=1, c=8, d=0)
# nvm_cmd_erase: Input/output error
# erase: Invalid argument
# nvm_cmd_erase: {pmode: SNGL}
naddrs: 1
addrs:
  - {val: 0x0001000800000000, pugrp: 00, punit: 01, chunk: 0008, sectr: 0000}
nvm_ret: {result: {cdw0: 0x0, vio: {cs: 0x0}}, status: 0x2c1}
==> (a=0, b=1, c=9, d=0)
# nvm_cmd_erase: Input/output error
# erase: Invalid argument
# nvm_cmd_erase: {pmode: SNGL}
naddrs: 1
addrs:
  - {val: 0x0001000900000000, pugrp: 00, punit: 01, chunk: 0009, sectr: 0000}
nvm_ret: {result: {cdw0: 0x0, vio: {cs: 0x0}}, status: 0x2c1}
==> (a=0, b=1, c=10, d=0)
# nvm_cmd_erase: Input/output error
# erase: Invalid argument
# nvm_cmd_erase: {pmode: SNGL}
naddrs: 1
addrs:
  - {val: 0x0001000a00000000, pugrp: 00, punit: 01, chunk: 0010, sectr: 0000}
nvm_ret: {result: {cdw0: 0x0, vio: {cs: 0x0}}, status: 0x2c1}
==> (a=0, b=1, c=11, d=0)
# nvm_cmd_erase: Input/output error
# erase: Invalid argument
# nvm_cmd_erase: {pmode: SNGL}
naddrs: 1
addrs:
  - {val: 0x0001000b00000000, pugrp: 00, punit: 01, chunk: 0011, sectr: 0000}
nvm_ret: {result: {cdw0: 0x0, vio: {cs: 0x0}}, status: 0x2c1}
==> (a=0, b=1, c=12, d=0)
# nvm_cmd_erase: Input/output error
# erase: Invalid argument
# nvm_cmd_erase: {pmode: SNGL}
naddrs: 1
addrs:
  - {val: 0x0001000c00000000, pugrp: 00, punit: 01, chunk: 0012, sectr: 0000}
nvm_ret: {result: {cdw0: 0x0, vio: {cs: 0x0}}, status: 0x2c1}
==> (a=0, b=1, c=13, d=0)
# nvm_cmd_erase: Input/output error
# erase: Invalid argument
# nvm_cmd_erase: {pmode: SNGL}
naddrs: 1
addrs:
  - {val: 0x0001000d00000000, pugrp: 00, punit: 01, chunk: 0013, sectr: 0000}
nvm_ret: {result: {cdw0: 0x0, vio: {cs: 0x0}}, status: 0x2c1}
==> (a=0, b=1, c=14, d=0)
# nvm_cmd_erase: Input/output error
# erase: Invalid argument
# nvm_cmd_erase: {pmode: SNGL}
naddrs: 1
addrs:
  - {val: 0x0001000e00000000, pugrp: 00, punit: 01, chunk: 0014, sectr: 0000}
nvm_ret: {result: {cdw0: 0x0, vio: {cs: 0x0}}, status: 0x2c1}
==> (a=0, b=1, c=15, d=0)
# nvm_cmd_erase: Input/output error
# erase: Invalid argument
# nvm_cmd_erase: {pmode: SNGL}
naddrs: 1
addrs:
  - {val: 0x0001000f00000000, pugrp: 00, punit: 01, chunk: 0015, sectr: 0000}
nvm_ret: {result: {cdw0: 0x0, vio: {cs: 0x0}}, status: 0x2c1}
==> (a=0, b=1, c=16, d=0)
# nvm_cmd_erase: Input/output error
# erase: Invalid argument
# nvm_cmd_erase: {pmode: SNGL}
naddrs: 1
addrs:
  - {val: 0x0001001000000000, pugrp: 00, punit: 01, chunk: 0016, sectr: 0000}
nvm_ret: {result: {cdw0: 0x0, vio: {cs: 0x0}}, status: 0x2c1}
==> (a=0, b=1, c=17, d=0)
# nvm_cmd_erase: Input/output error
# erase: Invalid argument
# nvm_cmd_erase: {pmode: SNGL}
naddrs: 1
addrs:
  - {val: 0x0001001100000000, pugrp: 00, punit: 01, chunk: 0017, sectr: 0000}
nvm_ret: {result: {cdw0: 0x0, vio: {cs: 0x0}}, status: 0x2c1}
==> (a=0, b=1, c=18, d=0)
# nvm_cmd_erase: Input/output error
# erase: Invalid argument
# nvm_cmd_erase: {pmode: SNGL}
naddrs: 1
addrs:
  - {val: 0x0001001200000000, pugrp: 00, punit: 01, chunk: 0018, sectr: 0000}
nvm_ret: {result: {cdw0: 0x0, vio: {cs: 0x0}}, status: 0x2c1}
==> (a=0, b=1, c=19, d=0)
# nvm_cmd_erase: Input/output error
# erase: Invalid argument
# nvm_cmd_erase: {pmode: SNGL}
naddrs: 1
addrs:
  - {val: 0x0001001300000000, pugrp: 00, punit: 01, chunk: 0019, sectr: 0000}
nvm_ret: {result: {cdw0: 0x0, vio: {cs: 0x0}}, status: 0x2c1}
==> (a=0, b=1, c=20, d=0)
# nvm_cmd_erase: Input/output error
# erase: Invalid argument
# nvm_cmd_erase: {pmode: SNGL}
naddrs: 1
addrs:
  - {val: 0x0001001400000000, pugrp: 00, punit: 01, chunk: 0020, sectr: 0000}
nvm_ret: {result: {cdw0: 0x0, vio: {cs: 0x0}}, status: 0x2c1}
==> (a=0, b=1, c=21, d=0)
# nvm_cmd_erase: Input/output error
# erase: Invalid argument
# nvm_cmd_erase: {pmode: SNGL}
naddrs: 1
addrs:
  - {val: 0x0001001500000000, pugrp: 00, punit: 01, chunk: 0021, sectr: 0000}
nvm_ret: {result: {cdw0: 0x0, vio: {cs: 0x0}}, status: 0x2c1}
==> (a=0, b=1, c=22, d=0)
# nvm_cmd_erase: Input/output error
# erase: Invalid argument
# nvm_cmd_erase: {pmode: SNGL}
naddrs: 1
addrs:
  - {val: 0x0001001600000000, pugrp: 00, punit: 01, chunk: 0022, sectr: 0000}
nvm_ret: {result: {cdw0: 0x0, vio: {cs: 0x0}}, status: 0x2c1}
==> (a=0, b=1, c=23, d=0)
# nvm_cmd_erase: Input/output error
# erase: Invalid argument
# nvm_cmd_erase: {pmode: SNGL}
naddrs: 1
addrs:
  - {val: 0x0001001700000000, pugrp: 00, punit: 01, chunk: 0023, sectr: 0000}
nvm_ret: {result: {cdw0: 0x0, vio: {cs: 0x0}}, status: 0x2c1}
==> (a=0, b=1, c=24, d=0)
# nvm_cmd_erase: Input/output error
# erase: Invalid argument
# nvm_cmd_erase: {pmode: SNGL}
naddrs: 1
addrs:
  - {val: 0x0001001800000000, pugrp: 00, punit: 01, chunk: 0024, sectr: 0000}
nvm_ret: {result: {cdw0: 0x0, vio: {cs: 0x0}}, status: 0x2c1}
==> (a=0, b=1, c=25, d=0)
# nvm_cmd_erase: Input/output error
# erase: Invalid argument
# nvm_cmd_erase: {pmode: SNGL}
naddrs: 1
addrs:
  - {val: 0x0001001900000000, pugrp: 00, punit: 01, chunk: 0025, sectr: 0000}
nvm_ret: {result: {cdw0: 0x0, vio: {cs: 0x0}}, status: 0x2c1}
==> (a=0, b=1, c=26, d=0)
# nvm_cmd_erase: Input/output error
# erase: Invalid argument
# nvm_cmd_erase: {pmode: SNGL}
naddrs: 1
addrs:
  - {val: 0x0001001a00000000, pugrp: 00, punit: 01, chunk: 0026, sectr: 0000}
nvm_ret: {result: {cdw0: 0x0, vio: {cs: 0x0}}, status: 0x2c1}
==> (a=0, b=1, c=27, d=0)
# nvm_cmd_erase: Input/output error
# erase: Invalid argument
# nvm_cmd_erase: {pmode: SNGL}
naddrs: 1
addrs:
  - {val: 0x0001001b00000000, pugrp: 00, punit: 01, chunk: 0027, sectr: 0000}
nvm_ret: {result: {cdw0: 0x0, vio: {cs: 0x0}}, status: 0x2c1}
==> (a=0, b=1, c=28, d=0)
# nvm_cmd_erase: Input/output error
# erase: Invalid argument
# nvm_cmd_erase: {pmode: SNGL}
naddrs: 1
addrs:
  - {val: 0x0001001c00000000, pugrp: 00, punit: 01, chunk: 0028, sectr: 0000}
nvm_ret: {result: {cdw0: 0x0, vio: {cs: 0x0}}, status: 0x2c1}
==> (a=0, b=1, c=29, d=0)
# nvm_cmd_erase: Input/output error
# erase: Invalid argument
# nvm_cmd_erase: {pmode: SNGL}
naddrs: 1
addrs:
  - {val: 0x0001001d00000000, pugrp: 00, punit: 01, chunk: 0029, sectr: 0000}
nvm_ret: {result: {cdw0: 0x0, vio: {cs: 0x0}}, status: 0x2c1}
==> (a=0, b=2, c=0, d=0)
# nvm_cmd_erase: Input/output error
# erase: Invalid argument
# nvm_cmd_erase: {pmode: SNGL}
naddrs: 1
addrs:
  - {val: 0x0002000000000000, pugrp: 00, punit: 02, chunk: 0000, sectr: 0000}
nvm_ret: {result: {cdw0: 0x0, vio: {cs: 0x0}}, status: 0x2c1}
==> (a=0, b=2, c=1, d=0)
# nvm_cmd_erase: Input/output error
# erase: Invalid argument
# nvm_cmd_erase: {pmode: SNGL}
naddrs: 1
addrs:
  - {val: 0x0002000100000000, pugrp: 00, punit: 02, chunk: 0001, sectr: 0000}
nvm_ret: {result: {cdw0: 0x0, vio: {cs: 0x0}}, status: 0x2c1}
==> (a=0, b=2, c=2, d=0)
# nvm_cmd_erase: Input/output error
# erase: Invalid argument
# nvm_cmd_erase: {pmode: SNGL}
naddrs: 1
addrs:
  - {val: 0x0002000200000000, pugrp: 00, punit: 02, chunk: 0002, sectr: 0000}
nvm_ret: {result: {cdw0: 0x0, vio: {cs: 0x0}}, status: 0x2c1}
==> (a=0, b=2, c=3, d=0)
# nvm_cmd_erase: Input/output error
# erase: Invalid argument
# nvm_cmd_erase: {pmode: SNGL}
naddrs: 1
addrs:
  - {val: 0x0002000300000000, pugrp: 00, punit: 02, chunk: 0003, sectr: 0000}
nvm_ret: {result: {cdw0: 0x0, vio: {cs: 0x0}}, status: 0x2c1}
==> (a=0, b=2, c=4, d=0)
# nvm_cmd_erase: Input/output error
# erase: Invalid argument
# nvm_cmd_erase: {pmode: SNGL}
naddrs: 1
addrs:
  - {val: 0x0002000400000000, pugrp: 00, punit: 02, chunk: 0004, sectr: 0000}
nvm_ret: {result: {cdw0: 0x0, vio: {cs: 0x0}}, status: 0x2c1}
==> (a=0, b=2, c=5, d=0)
# nvm_cmd_erase: Input/output error
# erase: Invalid argument
# nvm_cmd_erase: {pmode: SNGL}
naddrs: 1
addrs:
  - {val: 0x0002000500000000, pugrp: 00, punit: 02, chunk: 0005, sectr: 0000}
nvm_ret: {result: {cdw0: 0x0, vio: {cs: 0x0}}, status: 0x2c1}
==> (a=0, b=2, c=6, d=0)
# nvm_cmd_erase: Input/output error
# erase: Invalid argument
# nvm_cmd_erase: {pmode: SNGL}
naddrs: 1
addrs:
  - {val: 0x0002000600000000, pugrp: 00, punit: 02, chunk: 0006, sectr: 0000}
nvm_ret: {result: {cdw0: 0x0, vio: {cs: 0x0}}, status: 0x2c1}
==> (a=0, b=2, c=7, d=0)
# nvm_cmd_erase: Input/output error
# erase: Invalid argument
# nvm_cmd_erase: {pmode: SNGL}
naddrs: 1
addrs:
  - {val: 0x0002000700000000, pugrp: 00, punit: 02, chunk: 0007, sectr: 0000}
nvm_ret: {result: {cdw0: 0x0, vio: {cs: 0x0}}, status: 0x2c1}
==> (a=0, b=2, c=8, d=0)
# nvm_cmd_erase: Input/output error
# erase: Invalid argument
# nvm_cmd_erase: {pmode: SNGL}
naddrs: 1
addrs:
  - {val: 0x0002000800000000, pugrp: 00, punit: 02, chunk: 0008, sectr: 0000}
nvm_ret: {result: {cdw0: 0x0, vio: {cs: 0x0}}, status: 0x2c1}
==> (a=0, b=2, c=9, d=0)
# nvm_cmd_erase: Input/output error
# erase: Invalid argument
# nvm_cmd_erase: {pmode: SNGL}
naddrs: 1
addrs:
  - {val: 0x0002000900000000, pugrp: 00, punit: 02, chunk: 0009, sectr: 0000}
nvm_ret: {result: {cdw0: 0x0, vio: {cs: 0x0}}, status: 0x2c1}
==> (a=0, b=2, c=10, d=0)
# nvm_cmd_erase: Input/output error
# erase: Invalid argument
# nvm_cmd_erase: {pmode: SNGL}
naddrs: 1
addrs:
  - {val: 0x0002000a00000000, pugrp: 00, punit: 02, chunk: 0010, sectr: 0000}
nvm_ret: {result: {cdw0: 0x0, vio: {cs: 0x0}}, status: 0x2c1}
==> (a=0, b=2, c=11, d=0)
# nvm_cmd_erase: Input/output error
# erase: Invalid argument
# nvm_cmd_erase: {pmode: SNGL}
naddrs: 1
addrs:
  - {val: 0x0002000b00000000, pugrp: 00, punit: 02, chunk: 0011, sectr: 0000}
nvm_ret: {result: {cdw0: 0x0, vio: {cs: 0x0}}, status: 0x2c1}
==> (a=0, b=2, c=12, d=0)
# nvm_cmd_erase: Input/output error
# erase: Invalid argument
# nvm_cmd_erase: {pmode: SNGL}
naddrs: 1
addrs:
  - {val: 0x0002000c00000000, pugrp: 00, punit: 02, chunk: 0012, sectr: 0000}
nvm_ret: {result: {cdw0: 0x0, vio: {cs: 0x0}}, status: 0x2c1}
==> (a=0, b=2, c=13, d=0)
# nvm_cmd_erase: Input/output error
# erase: Invalid argument
# nvm_cmd_erase: {pmode: SNGL}
naddrs: 1
addrs:
  - {val: 0x0002000d00000000, pugrp: 00, punit: 02, chunk: 0013, sectr: 0000}
nvm_ret: {result: {cdw0: 0x0, vio: {cs: 0x0}}, status: 0x2c1}
==> (a=0, b=2, c=14, d=0)
# nvm_cmd_erase: Input/output error
# erase: Invalid argument
# nvm_cmd_erase: {pmode: SNGL}
naddrs: 1
addrs:
  - {val: 0x0002000e00000000, pugrp: 00, punit: 02, chunk: 0014, sectr: 0000}
nvm_ret: {result: {cdw0: 0x0, vio: {cs: 0x0}}, status: 0x2c1}
==> (a=0, b=2, c=15, d=0)
# nvm_cmd_erase: Input/output error
# erase: Invalid argument
# nvm_cmd_erase: {pmode: SNGL}
naddrs: 1
addrs:
  - {val: 0x0002000f00000000, pugrp: 00, punit: 02, chunk: 0015, sectr: 0000}
nvm_ret: {result: {cdw0: 0x0, vio: {cs: 0x0}}, status: 0x2c1}
==> (a=0, b=2, c=16, d=0)
# nvm_cmd_erase: Input/output error
# erase: Invalid argument
# nvm_cmd_erase: {pmode: SNGL}
naddrs: 1
addrs:
  - {val: 0x0002001000000000, pugrp: 00, punit: 02, chunk: 0016, sectr: 0000}
nvm_ret: {result: {cdw0: 0x0, vio: {cs: 0x0}}, status: 0x2c1}
==> (a=0, b=2, c=17, d=0)
# nvm_cmd_erase: Input/output error
# erase: Invalid argument
# nvm_cmd_erase: {pmode: SNGL}
naddrs: 1
addrs:
  - {val: 0x0002001100000000, pugrp: 00, punit: 02, chunk: 0017, sectr: 0000}
nvm_ret: {result: {cdw0: 0x0, vio: {cs: 0x0}}, status: 0x2c1}
==> (a=0, b=2, c=18, d=0)
# nvm_cmd_erase: Input/output error
# erase: Invalid argument
# nvm_cmd_erase: {pmode: SNGL}
naddrs: 1
addrs:
  - {val: 0x0002001200000000, pugrp: 00, punit: 02, chunk: 0018, sectr: 0000}
nvm_ret: {result: {cdw0: 0x0, vio: {cs: 0x0}}, status: 0x2c1}
==> (a=0, b=2, c=19, d=0)
# nvm_cmd_erase: Input/output error
# erase: Invalid argument
# nvm_cmd_erase: {pmode: SNGL}
naddrs: 1
addrs:
  - {val: 0x0002001300000000, pugrp: 00, punit: 02, chunk: 0019, sectr: 0000}
nvm_ret: {result: {cdw0: 0x0, vio: {cs: 0x0}}, status: 0x2c1}
==> (a=0, b=2, c=20, d=0)
# nvm_cmd_erase: Input/output error
# erase: Invalid argument
# nvm_cmd_erase: {pmode: SNGL}
naddrs: 1
addrs:
  - {val: 0x0002001400000000, pugrp: 00, punit: 02, chunk: 0020, sectr: 0000}
nvm_ret: {result: {cdw0: 0x0, vio: {cs: 0x0}}, status: 0x2c1}
==> (a=0, b=2, c=21, d=0)
# nvm_cmd_erase: Input/output error
# erase: Invalid argument
# nvm_cmd_erase: {pmode: SNGL}
naddrs: 1
addrs:
  - {val: 0x0002001500000000, pugrp: 00, punit: 02, chunk: 0021, sectr: 0000}
nvm_ret: {result: {cdw0: 0x0, vio: {cs: 0x0}}, status: 0x2c1}
==> (a=0, b=2, c=22, d=0)
# nvm_cmd_erase: Input/output error
# erase: Invalid argument
# nvm_cmd_erase: {pmode: SNGL}
naddrs: 1
addrs:
  - {val: 0x0002001600000000, pugrp: 00, punit: 02, chunk: 0022, sectr: 0000}
nvm_ret: {result: {cdw0: 0x0, vio: {cs: 0x0}}, status: 0x2c1}
==> (a=0, b=2, c=23, d=0)
# nvm_cmd_erase: Input/output error
# erase: Invalid argument
# nvm_cmd_erase: {pmode: SNGL}
naddrs: 1
addrs:
  - {val: 0x0002001700000000, pugrp: 00, punit: 02, chunk: 0023, sectr: 0000}
nvm_ret: {result: {cdw0: 0x0, vio: {cs: 0x0}}, status: 0x2c1}
==> (a=0, b=2, c=24, d=0)
# nvm_cmd_erase: Input/output error
# erase: Invalid argument
# nvm_cmd_erase: {pmode: SNGL}
naddrs: 1
addrs:
  - {val: 0x0002001800000000, pugrp: 00, punit: 02, chunk: 0024, sectr: 0000}
nvm_ret: {result: {cdw0: 0x0, vio: {cs: 0x0}}, status: 0x2c1}
==> (a=0, b=2, c=25, d=0)
# nvm_cmd_erase: Input/output error
# erase: Invalid argument
# nvm_cmd_erase: {pmode: SNGL}
naddrs: 1
addrs:
  - {val: 0x0002001900000000, pugrp: 00, punit: 02, chunk: 0025, sectr: 0000}
nvm_ret: {result: {cdw0: 0x0, vio: {cs: 0x0}}, status: 0x2c1}
==> (a=0, b=2, c=26, d=0)
# nvm_cmd_erase: Input/output error
# erase: Invalid argument
# nvm_cmd_erase: {pmode: SNGL}
naddrs: 1
addrs:
  - {val: 0x0002001a00000000, pugrp: 00, punit: 02, chunk: 0026, sectr: 0000}
nvm_ret: {result: {cdw0: 0x0, vio: {cs: 0x0}}, status: 0x2c1}
==> (a=0, b=2, c=27, d=0)
# nvm_cmd_erase: Input/output error
# erase: Invalid argument
# nvm_cmd_erase: {pmode: SNGL}
naddrs: 1
addrs:
  - {val: 0x0002001b00000000, pugrp: 00, punit: 02, chunk: 0027, sectr: 0000}
nvm_ret: {result: {cdw0: 0x0, vio: {cs: 0x0}}, status: 0x2c1}
==> (a=0, b=2, c=28, d=0)
# nvm_cmd_erase: Input/output error
# erase: Invalid argument
# nvm_cmd_erase: {pmode: SNGL}
naddrs: 1
addrs:
  - {val: 0x0002001c00000000, pugrp: 00, punit: 02, chunk: 0028, sectr: 0000}
nvm_ret: {result: {cdw0: 0x0, vio: {cs: 0x0}}, status: 0x2c1}
==> (a=0, b=2, c=29, d=0)
# nvm_cmd_erase: Input/output error
# erase: Invalid argument
# nvm_cmd_erase: {pmode: SNGL}
naddrs: 1
addrs:
  - {val: 0x0002001d00000000, pugrp: 00, punit: 02, chunk: 0029, sectr: 0000}
nvm_ret: {result: {cdw0: 0x0, vio: {cs: 0x0}}, status: 0x2c1}
==> (a=0, b=3, c=0, d=0)
# nvm_cmd_erase: Input/output error
# erase: Invalid argument
# nvm_cmd_erase: {pmode: SNGL}
naddrs: 1
addrs:
  - {val: 0x0003000000000000, pugrp: 00, punit: 03, chunk: 0000, sectr: 0000}
nvm_ret: {result: {cdw0: 0x0, vio: {cs: 0x0}}, status: 0x2c1}
==> (a=0, b=3, c=1, d=0)
# nvm_cmd_erase: Input/output error
# erase: Invalid argument
# nvm_cmd_erase: {pmode: SNGL}
naddrs: 1
addrs:
  - {val: 0x0003000100000000, pugrp: 00, punit: 03, chunk: 0001, sectr: 0000}
nvm_ret: {result: {cdw0: 0x0, vio: {cs: 0x0}}, status: 0x2c1}
==> (a=0, b=3, c=2, d=0)
# nvm_cmd_erase: Input/output error
# erase: Invalid argument
# nvm_cmd_erase: {pmode: SNGL}
naddrs: 1
addrs:
  - {val: 0x0003000200000000, pugrp: 00, punit: 03, chunk: 0002, sectr: 0000}
nvm_ret: {result: {cdw0: 0x0, vio: {cs: 0x0}}, status: 0x2c1}
==> (a=0, b=3, c=3, d=0)
# nvm_cmd_erase: Input/output error
# erase: Invalid argument
# nvm_cmd_erase: {pmode: SNGL}
naddrs: 1
addrs:
  - {val: 0x0003000300000000, pugrp: 00, punit: 03, chunk: 0003, sectr: 0000}
nvm_ret: {result: {cdw0: 0x0, vio: {cs: 0x0}}, status: 0x2c1}
==> (a=0, b=3, c=4, d=0)
# nvm_cmd_erase: Input/output error
# erase: Invalid argument
# nvm_cmd_erase: {pmode: SNGL}
naddrs: 1
addrs:
  - {val: 0x0003000400000000, pugrp: 00, punit: 03, chunk: 0004, sectr: 0000}
nvm_ret: {result: {cdw0: 0x0, vio: {cs: 0x0}}, status: 0x2c1}
==> (a=0, b=3, c=5, d=0)
# nvm_cmd_erase: Input/output error
# erase: Invalid argument
# nvm_cmd_erase: {pmode: SNGL}
naddrs: 1
addrs:
  - {val: 0x0003000500000000, pugrp: 00, punit: 03, chunk: 0005, sectr: 0000}
nvm_ret: {result: {cdw0: 0x0, vio: {cs: 0x0}}, status: 0x2c1}
==> (a=0, b=3, c=6, d=0)
# nvm_cmd_erase: Input/output error
# erase: Invalid argument
# nvm_cmd_erase: {pmode: SNGL}
naddrs: 1
addrs:
  - {val: 0x0003000600000000, pugrp: 00, punit: 03, chunk: 0006, sectr: 0000}
nvm_ret: {result: {cdw0: 0x0, vio: {cs: 0x0}}, status: 0x2c1}
==> (a=0, b=3, c=7, d=0)
# nvm_cmd_erase: Input/output error
# erase: Invalid argument
# nvm_cmd_erase: {pmode: SNGL}
naddrs: 1
addrs:
  - {val: 0x0003000700000000, pugrp: 00, punit: 03, chunk: 0007, sectr: 0000}
nvm_ret: {result: {cdw0: 0x0, vio: {cs: 0x0}}, status: 0x2c1}
==> (a=0, b=3, c=8, d=0)
# nvm_cmd_erase: Input/output error
# erase: Invalid argument
# nvm_cmd_erase: {pmode: SNGL}
naddrs: 1
addrs:
  - {val: 0x0003000800000000, pugrp: 00, punit: 03, chunk: 0008, sectr: 0000}
nvm_ret: {result: {cdw0: 0x0, vio: {cs: 0x0}}, status: 0x2c1}
==> (a=0, b=3, c=9, d=0)
# nvm_cmd_erase: Input/output error
# erase: Invalid argument
# nvm_cmd_erase: {pmode: SNGL}
naddrs: 1
addrs:
  - {val: 0x0003000900000000, pugrp: 00, punit: 03, chunk: 0009, sectr: 0000}
nvm_ret: {result: {cdw0: 0x0, vio: {cs: 0x0}}, status: 0x2c1}
==> (a=0, b=3, c=10, d=0)
# nvm_cmd_erase: Input/output error
# erase: Invalid argument
# nvm_cmd_erase: {pmode: SNGL}
naddrs: 1
addrs:
  - {val: 0x0003000a00000000, pugrp: 00, punit: 03, chunk: 0010, sectr: 0000}
nvm_ret: {result: {cdw0: 0x0, vio: {cs: 0x0}}, status: 0x2c1}
==> (a=0, b=3, c=11, d=0)
# nvm_cmd_erase: Input/output error
# erase: Invalid argument
# nvm_cmd_erase: {pmode: SNGL}
naddrs: 1
addrs:
  - {val: 0x0003000b00000000, pugrp: 00, punit: 03, chunk: 0011, sectr: 0000}
nvm_ret: {result: {cdw0: 0x0, vio: {cs: 0x0}}, status: 0x2c1}
==> (a=0, b=3, c=12, d=0)
# nvm_cmd_erase: Input/output error
# erase: Invalid argument
# nvm_cmd_erase: {pmode: SNGL}
naddrs: 1
addrs:
  - {val: 0x0003000c00000000, pugrp: 00, punit: 03, chunk: 0012, sectr: 0000}
nvm_ret: {result: {cdw0: 0x0, vio: {cs: 0x0}}, status: 0x2c1}
==> (a=0, b=3, c=13, d=0)
# nvm_cmd_erase: Input/output error
# erase: Invalid argument
# nvm_cmd_erase: {pmode: SNGL}
naddrs: 1
addrs:
  - {val: 0x0003000d00000000, pugrp: 00, punit: 03, chunk: 0013, sectr: 0000}
nvm_ret: {result: {cdw0: 0x0, vio: {cs: 0x0}}, status: 0x2c1}
==> (a=0, b=3, c=14, d=0)
# nvm_cmd_erase: Input/output error
# erase: Invalid argument
# nvm_cmd_erase: {pmode: SNGL}
naddrs: 1
addrs:
  - {val: 0x0003000e00000000, pugrp: 00, punit: 03, chunk: 0014, sectr: 0000}
nvm_ret: {result: {cdw0: 0x0, vio: {cs: 0x0}}, status: 0x2c1}
==> (a=0, b=3, c=15, d=0)
# nvm_cmd_erase: Input/output error
# erase: Invalid argument
# nvm_cmd_erase: {pmode: SNGL}
naddrs: 1
addrs:
  - {val: 0x0003000f00000000, pugrp: 00, punit: 03, chunk: 0015, sectr: 0000}
nvm_ret: {result: {cdw0: 0x0, vio: {cs: 0x0}}, status: 0x2c1}
==> (a=0, b=3, c=16, d=0)
# nvm_cmd_erase: Input/output error
# erase: Invalid argument
# nvm_cmd_erase: {pmode: SNGL}
naddrs: 1
addrs:
  - {val: 0x0003001000000000, pugrp: 00, punit: 03, chunk: 0016, sectr: 0000}
nvm_ret: {result: {cdw0: 0x0, vio: {cs: 0x0}}, status: 0x2c1}
==> (a=0, b=3, c=17, d=0)
# nvm_cmd_erase: Input/output error
# erase: Invalid argument
# nvm_cmd_erase: {pmode: SNGL}
naddrs: 1
addrs:
  - {val: 0x0003001100000000, pugrp: 00, punit: 03, chunk: 0017, sectr: 0000}
nvm_ret: {result: {cdw0: 0x0, vio: {cs: 0x0}}, status: 0x2c1}
==> (a=0, b=3, c=18, d=0)
# nvm_cmd_erase: Input/output error
# erase: Invalid argument
# nvm_cmd_erase: {pmode: SNGL}
naddrs: 1
addrs:
  - {val: 0x0003001200000000, pugrp: 00, punit: 03, chunk: 0018, sectr: 0000}
nvm_ret: {result: {cdw0: 0x0, vio: {cs: 0x0}}, status: 0x2c1}
==> (a=0, b=3, c=19, d=0)
# nvm_cmd_erase: Input/output error
# erase: Invalid argument
# nvm_cmd_erase: {pmode: SNGL}
naddrs: 1
addrs:
  - {val: 0x0003001300000000, pugrp: 00, punit: 03, chunk: 0019, sectr: 0000}
nvm_ret: {result: {cdw0: 0x0, vio: {cs: 0x0}}, status: 0x2c1}
==> (a=0, b=3, c=20, d=0)
# nvm_cmd_erase: Input/output error
# erase: Invalid argument
# nvm_cmd_erase: {pmode: SNGL}
naddrs: 1
addrs:
  - {val: 0x0003001400000000, pugrp: 00, punit: 03, chunk: 0020, sectr: 0000}
nvm_ret: {result: {cdw0: 0x0, vio: {cs: 0x0}}, status: 0x2c1}
==> (a=0, b=3, c=21, d=0)
# nvm_cmd_erase: Input/output error
# erase: Invalid argument
# nvm_cmd_erase: {pmode: SNGL}
naddrs: 1
addrs:
  - {val: 0x0003001500000000, pugrp: 00, punit: 03, chunk: 0021, sectr: 0000}
nvm_ret: {result: {cdw0: 0x0, vio: {cs: 0x0}}, status: 0x2c1}
==> (a=0, b=3, c=22, d=0)
# nvm_cmd_erase: Input/output error
# erase: Invalid argument
# nvm_cmd_erase: {pmode: SNGL}
naddrs: 1
addrs:
  - {val: 0x0003001600000000, pugrp: 00, punit: 03, chunk: 0022, sectr: 0000}
nvm_ret: {result: {cdw0: 0x0, vio: {cs: 0x0}}, status: 0x2c1}
==> (a=0, b=3, c=23, d=0)
# nvm_cmd_erase: Input/output error
# erase: Invalid argument
# nvm_cmd_erase: {pmode: SNGL}
naddrs: 1
addrs:
  - {val: 0x0003001700000000, pugrp: 00, punit: 03, chunk: 0023, sectr: 0000}
nvm_ret: {result: {cdw0: 0x0, vio: {cs: 0x0}}, status: 0x2c1}
==> (a=0, b=3, c=24, d=0)
# nvm_cmd_erase: Input/output error
# erase: Invalid argument
# nvm_cmd_erase: {pmode: SNGL}
naddrs: 1
addrs:
  - {val: 0x0003001800000000, pugrp: 00, punit: 03, chunk: 0024, sectr: 0000}
nvm_ret: {result: {cdw0: 0x0, vio: {cs: 0x0}}, status: 0x2c1}
==> (a=0, b=3, c=25, d=0)
# nvm_cmd_erase: Input/output error
# erase: Invalid argument
# nvm_cmd_erase: {pmode: SNGL}
naddrs: 1
addrs:
  - {val: 0x0003001900000000, pugrp: 00, punit: 03, chunk: 0025, sectr: 0000}
nvm_ret: {result: {cdw0: 0x0, vio: {cs: 0x0}}, status: 0x2c1}
==> (a=0, b=3, c=26, d=0)
# nvm_cmd_erase: Input/output error
# erase: Invalid argument
# nvm_cmd_erase: {pmode: SNGL}
naddrs: 1
addrs:
  - {val: 0x0003001a00000000, pugrp: 00, punit: 03, chunk: 0026, sectr: 0000}
nvm_ret: {result: {cdw0: 0x0, vio: {cs: 0x0}}, status: 0x2c1}
==> (a=0, b=3, c=27, d=0)
# nvm_cmd_erase: Input/output error
# erase: Invalid argument
# nvm_cmd_erase: {pmode: SNGL}
naddrs: 1
addrs:
  - {val: 0x0003001b00000000, pugrp: 00, punit: 03, chunk: 0027, sectr: 0000}
nvm_ret: {result: {cdw0: 0x0, vio: {cs: 0x0}}, status: 0x2c1}
==> (a=0, b=3, c=28, d=0)
# nvm_cmd_erase: Input/output error
# erase: Invalid argument
# nvm_cmd_erase: {pmode: SNGL}
naddrs: 1
addrs:
  - {val: 0x0003001c00000000, pugrp: 00, punit: 03, chunk: 0028, sectr: 0000}
nvm_ret: {result: {cdw0: 0x0, vio: {cs: 0x0}}, status: 0x2c1}
==> (a=0, b=3, c=29, d=0)
# nvm_cmd_erase: Input/output error
# erase: Invalid argument
# nvm_cmd_erase: {pmode: SNGL}
naddrs: 1
addrs:
  - {val: 0x0003001d00000000, pugrp: 00, punit: 03, chunk: 0029, sectr: 0000}
nvm_ret: {result: {cdw0: 0x0, vio: {cs: 0x0}}, status: 0x2c1}
==> (a=1, b=0, c=0, d=0)
# nvm_cmd_erase: Input/output error
# erase: Invalid argument
# nvm_cmd_erase: {pmode: SNGL}
naddrs: 1
addrs:
  - {val: 0x0100000000000000, pugrp: 01, punit: 00, chunk: 0000, sectr: 0000}
nvm_ret: {result: {cdw0: 0x0, vio: {cs: 0x0}}, status: 0x2c1}
==> (a=1, b=0, c=1, d=0)
# nvm_cmd_erase: Input/output error
# erase: Invalid argument
# nvm_cmd_erase: {pmode: SNGL}
naddrs: 1
addrs:
  - {val: 0x0100000100000000, pugrp: 01, punit: 00, chunk: 0001, sectr: 0000}
nvm_ret: {result: {cdw0: 0x0, vio: {cs: 0x0}}, status: 0x2c1}
==> (a=1, b=0, c=2, d=0)
# nvm_cmd_erase: Input/output error
# erase: Invalid argument
# nvm_cmd_erase: {pmode: SNGL}
naddrs: 1
addrs:
  - {val: 0x0100000200000000, pugrp: 01, punit: 00, chunk: 0002, sectr: 0000}
nvm_ret: {result: {cdw0: 0x0, vio: {cs: 0x0}}, status: 0x2c1}
==> (a=1, b=0, c=3, d=0)
# nvm_cmd_erase: Input/output error
# erase: Invalid argument
# nvm_cmd_erase: {pmode: SNGL}
naddrs: 1
addrs:
  - {val: 0x0100000300000000, pugrp: 01, punit: 00, chunk: 0003, sectr: 0000}
nvm_ret: {result: {cdw0: 0x0, vio: {cs: 0x0}}, status: 0x2c1}
==> (a=1, b=0, c=4, d=0)
# nvm_cmd_erase: Input/output error
# erase: Invalid argument
# nvm_cmd_erase: {pmode: SNGL}
naddrs: 1
addrs:
  - {val: 0x0100000400000000, pugrp: 01, punit: 00, chunk: 0004, sectr: 0000}
nvm_ret: {result: {cdw0: 0x0, vio: {cs: 0x0}}, status: 0x2c1}
==> (a=1, b=0, c=5, d=0)
# nvm_cmd_erase: Input/output error
# erase: Invalid argument
# nvm_cmd_erase: {pmode: SNGL}
naddrs: 1
addrs:
  - {val: 0x0100000500000000, pugrp: 01, punit: 00, chunk: 0005, sectr: 0000}
nvm_ret: {result: {cdw0: 0x0, vio: {cs: 0x0}}, status: 0x2c1}
==> (a=1, b=0, c=6, d=0)
# nvm_cmd_erase: Input/output error
# erase: Invalid argument
# nvm_cmd_erase: {pmode: SNGL}
naddrs: 1
addrs:
  - {val: 0x0100000600000000, pugrp: 01, punit: 00, chunk: 0006, sectr: 0000}
nvm_ret: {result: {cdw0: 0x0, vio: {cs: 0x0}}, status: 0x2c1}
==> (a=1, b=0, c=7, d=0)
# nvm_cmd_erase: Input/output error
# erase: Invalid argument
# nvm_cmd_erase: {pmode: SNGL}
naddrs: 1
addrs:
  - {val: 0x0100000700000000, pugrp: 01, punit: 00, chunk: 0007, sectr: 0000}
nvm_ret: {result: {cdw0: 0x0, vio: {cs: 0x0}}, status: 0x2c1}
==> (a=1, b=0, c=8, d=0)
# nvm_cmd_erase: Input/output error
# erase: Invalid argument
# nvm_cmd_erase: {pmode: SNGL}
naddrs: 1
addrs:
  - {val: 0x0100000800000000, pugrp: 01, punit: 00, chunk: 0008, sectr: 0000}
nvm_ret: {result: {cdw0: 0x0, vio: {cs: 0x0}}, status: 0x2c1}
==> (a=1, b=0, c=9, d=0)
# nvm_cmd_erase: Input/output error
# erase: Invalid argument
# nvm_cmd_erase: {pmode: SNGL}
naddrs: 1
addrs:
  - {val: 0x0100000900000000, pugrp: 01, punit: 00, chunk: 0009, sectr: 0000}
nvm_ret: {result: {cdw0: 0x0, vio: {cs: 0x0}}, status: 0x2c1}
==> (a=1, b=0, c=10, d=0)
# nvm_cmd_erase: Input/output error
# erase: Invalid argument
# nvm_cmd_erase: {pmode: SNGL}
naddrs: 1
addrs:
  - {val: 0x0100000a00000000, pugrp: 01, punit: 00, chunk: 0010, sectr: 0000}
nvm_ret: {result: {cdw0: 0x0, vio: {cs: 0x0}}, status: 0x2c1}
==> (a=1, b=0, c=11, d=0)
# nvm_cmd_erase: Input/output error
# erase: Invalid argument
# nvm_cmd_erase: {pmode: SNGL}
naddrs: 1
addrs:
  - {val: 0x0100000b00000000, pugrp: 01, punit: 00, chunk: 0011, sectr: 0000}
nvm_ret: {result: {cdw0: 0x0, vio: {cs: 0x0}}, status: 0x2c1}
==> (a=1, b=0, c=12, d=0)
# nvm_cmd_erase: Input/output error
# erase: Invalid argument
# nvm_cmd_erase: {pmode: SNGL}
naddrs: 1
addrs:
  - {val: 0x0100000c00000000, pugrp: 01, punit: 00, chunk: 0012, sectr: 0000}
nvm_ret: {result: {cdw0: 0x0, vio: {cs: 0x0}}, status: 0x2c1}
==> (a=1, b=0, c=13, d=0)
# nvm_cmd_erase: Input/output error
# erase: Invalid argument
# nvm_cmd_erase: {pmode: SNGL}
naddrs: 1
addrs:
  - {val: 0x0100000d00000000, pugrp: 01, punit: 00, chunk: 0013, sectr: 0000}
nvm_ret: {result: {cdw0: 0x0, vio: {cs: 0x0}}, status: 0x2c1}
==> (a=1, b=0, c=14, d=0)
# nvm_cmd_erase: Input/output error
# erase: Invalid argument
# nvm_cmd_erase: {pmode: SNGL}
naddrs: 1
addrs:
  - {val: 0x0100000e00000000, pugrp: 01, punit: 00, chunk: 0014, sectr: 0000}
nvm_ret: {result: {cdw0: 0x0, vio: {cs: 0x0}}, status: 0x2c1}
==> (a=1, b=0, c=15, d=0)
# nvm_cmd_erase: Input/output error
# erase: Invalid argument
# nvm_cmd_erase: {pmode: SNGL}
naddrs: 1
addrs:
  - {val: 0x0100000f00000000, pugrp: 01, punit: 00, chunk: 0015, sectr: 0000}
nvm_ret: {result: {cdw0: 0x0, vio: {cs: 0x0}}, status: 0x2c1}
==> (a=1, b=0, c=16, d=0)
# nvm_cmd_erase: Input/output error
# erase: Invalid argument
# nvm_cmd_erase: {pmode: SNGL}
naddrs: 1
addrs:
  - {val: 0x0100001000000000, pugrp: 01, punit: 00, chunk: 0016, sectr: 0000}
nvm_ret: {result: {cdw0: 0x0, vio: {cs: 0x0}}, status: 0x2c1}
==> (a=1, b=0, c=17, d=0)
# nvm_cmd_erase: Input/output error
# erase: Invalid argument
# nvm_cmd_erase: {pmode: SNGL}
naddrs: 1
addrs:
  - {val: 0x0100001100000000, pugrp: 01, punit: 00, chunk: 0017, sectr: 0000}
nvm_ret: {result: {cdw0: 0x0, vio: {cs: 0x0}}, status: 0x2c1}
==> (a=1, b=0, c=18, d=0)
# nvm_cmd_erase: Input/output error
# erase: Invalid argument
# nvm_cmd_erase: {pmode: SNGL}
naddrs: 1
addrs:
  - {val: 0x0100001200000000, pugrp: 01, punit: 00, chunk: 0018, sectr: 0000}
nvm_ret: {result: {cdw0: 0x0, vio: {cs: 0x0}}, status: 0x2c1}
==> (a=1, b=0, c=19, d=0)
# nvm_cmd_erase: Input/output error
# erase: Invalid argument
# nvm_cmd_erase: {pmode: SNGL}
naddrs: 1
addrs:
  - {val: 0x0100001300000000, pugrp: 01, punit: 00, chunk: 0019, sectr: 0000}
nvm_ret: {result: {cdw0: 0x0, vio: {cs: 0x0}}, status: 0x2c1}
==> (a=1, b=0, c=20, d=0)
# nvm_cmd_erase: Input/output error
# erase: Invalid argument
# nvm_cmd_erase: {pmode: SNGL}
naddrs: 1
addrs:
  - {val: 0x0100001400000000, pugrp: 01, punit: 00, chunk: 0020, sectr: 0000}
nvm_ret: {result: {cdw0: 0x0, vio: {cs: 0x0}}, status: 0x2c1}
==> (a=1, b=0, c=21, d=0)
# nvm_cmd_erase: Input/output error
# erase: Invalid argument
# nvm_cmd_erase: {pmode: SNGL}
naddrs: 1
addrs:
  - {val: 0x0100001500000000, pugrp: 01, punit: 00, chunk: 0021, sectr: 0000}
nvm_ret: {result: {cdw0: 0x0, vio: {cs: 0x0}}, status: 0x2c1}
==> (a=1, b=0, c=22, d=0)
# nvm_cmd_erase: Input/output error
# erase: Invalid argument
# nvm_cmd_erase: {pmode: SNGL}
naddrs: 1
addrs:
  - {val: 0x0100001600000000, pugrp: 01, punit: 00, chunk: 0022, sectr: 0000}
nvm_ret: {result: {cdw0: 0x0, vio: {cs: 0x0}}, status: 0x2c1}
==> (a=1, b=0, c=23, d=0)
# nvm_cmd_erase: Input/output error
# erase: Invalid argument
# nvm_cmd_erase: {pmode: SNGL}
naddrs: 1
addrs:
  - {val: 0x0100001700000000, pugrp: 01, punit: 00, chunk: 0023, sectr: 0000}
nvm_ret: {result: {cdw0: 0x0, vio: {cs: 0x0}}, status: 0x2c1}
==> (a=1, b=0, c=24, d=0)
# nvm_cmd_erase: Input/output error
# erase: Invalid argument
# nvm_cmd_erase: {pmode: SNGL}
naddrs: 1
addrs:
  - {val: 0x0100001800000000, pugrp: 01, punit: 00, chunk: 0024, sectr: 0000}
nvm_ret: {result: {cdw0: 0x0, vio: {cs: 0x0}}, status: 0x2c1}
==> (a=1, b=0, c=25, d=0)
# nvm_cmd_erase: Input/output error
# erase: Invalid argument
# nvm_cmd_erase: {pmode: SNGL}
naddrs: 1
addrs:
  - {val: 0x0100001900000000, pugrp: 01, punit: 00, chunk: 0025, sectr: 0000}
nvm_ret: {result: {cdw0: 0x0, vio: {cs: 0x0}}, status: 0x2c1}
==> (a=1, b=0, c=26, d=0)
# nvm_cmd_erase: Input/output error
# erase: Invalid argument
# nvm_cmd_erase: {pmode: SNGL}
naddrs: 1
addrs:
  - {val: 0x0100001a00000000, pugrp: 01, punit: 00, chunk: 0026, sectr: 0000}
nvm_ret: {result: {cdw0: 0x0, vio: {cs: 0x0}}, status: 0x2c1}
==> (a=1, b=0, c=27, d=0)
# nvm_cmd_erase: Input/output error
# erase: Invalid argument
# nvm_cmd_erase: {pmode: SNGL}
naddrs: 1
addrs:
  - {val: 0x0100001b00000000, pugrp: 01, punit: 00, chunk: 0027, sectr: 0000}
nvm_ret: {result: {cdw0: 0x0, vio: {cs: 0x0}}, status: 0x2c1}
==> (a=1, b=0, c=28, d=0)
# nvm_cmd_erase: Input/output error
# erase: Invalid argument
# nvm_cmd_erase: {pmode: SNGL}
naddrs: 1
addrs:
  - {val: 0x0100001c00000000, pugrp: 01, punit: 00, chunk: 0028, sectr: 0000}
nvm_ret: {result: {cdw0: 0x0, vio: {cs: 0x0}}, status: 0x2c1}
==> (a=1, b=0, c=29, d=0)
# nvm_cmd_erase: Input/output error
# erase: Invalid argument
# nvm_cmd_erase: {pmode: SNGL}
naddrs: 1
addrs:
  - {val: 0x0100001d00000000, pugrp: 01, punit: 00, chunk: 0029, sectr: 0000}
nvm_ret: {result: {cdw0: 0x0, vio: {cs: 0x0}}, status: 0x2c1}
==> (a=1, b=1, c=0, d=0)
# nvm_cmd_erase: Input/output error
# erase: Invalid argument
# nvm_cmd_erase: {pmode: SNGL}
naddrs: 1
addrs:
  - {val: 0x0101000000000000, pugrp: 01, punit: 01, chunk: 0000, sectr: 0000}
nvm_ret: {result: {cdw0: 0x0, vio: {cs: 0x0}}, status: 0x2c1}
==> (a=1, b=1, c=1, d=0)
